<?xml version="1.0" encoding="UTF-8"?>
<!-- Generated by org.testng.reporters.JUnitReportReporter -->
<testsuite hostname="DESKTOP-84OCTSU" failures="0" tests="4" name="readwrite_excel.DataProviderEx" time="55.823" errors="0" timestamp="2025-07-27T10:44:44 IST" skipped="0">
  <testcase classname="readwrite_excel.DataProviderEx" name="dataDrivenTest" time="13.809"/>
  <system-out/>
  <testcase classname="readwrite_excel.DataProviderEx" name="dataDrivenTest" time="13.645"/>
  <system-out/>
  <testcase classname="readwrite_excel.DataProviderEx" name="dataDrivenTest" time="13.656"/>
  <system-out/>
  <testcase classname="readwrite_excel.DataProviderEx" name="dataDrivenTest" time="14.713"/>
  <system-out/>
</testsuite> <!-- readwrite_excel.DataProviderEx -->
