<?xml version="1.0" encoding="UTF-8"?>
<!-- Generated by org.testng.reporters.JUnitReportReporter -->
<testsuite hostname="DESKTOP-84OCTSU" failures="0" tests="3" name="para.TestClass3" time="6.270" errors="0" timestamp="2025-07-27T07:21:04 IST" skipped="0">
  <testcase classname="para.TestClass3" name="testCase9" time="2.090"/>
  <system-out/>
  <testcase classname="para.TestClass3" name="testCase8" time="2.090"/>
  <system-out/>
  <testcase classname="para.TestClass3" name="testCase7" time="2.090"/>
  <system-out/>
</testsuite> <!-- para.TestClass3 -->
