<?xml version="1.0" encoding="UTF-8"?>
<!-- Generated by org.testng.reporters.JUnitReportReporter -->
<testsuite hostname="DESKTOP-84OCTSU" failures="0" tests="4" name="listeners.TestClass" time="0.143" errors="0" timestamp="2025-08-06T21:40:08 IST" skipped="0">
  <testcase classname="listeners.TestClass" name="testMethod4" time="0.007"/>
  <system-out/>
  <testcase classname="listeners.TestClass" name="testMethod1" time="0.115"/>
  <system-out/>
  <testcase classname="listeners.TestClass" name="testMethod2" time="0.007"/>
  <system-out/>
  <testcase classname="listeners.TestClass" name="testMethod3" time="0.014"/>
  <system-out/>
</testsuite> <!-- listeners.TestClass -->
