<?xml version="1.0" encoding="UTF-8"?>
<!-- Generated by org.testng.reporters.JUnitReportReporter -->
<testsuite hostname="DESKTOP-84OCTSU" failures="0" tests="5" name="july26_testng.Prioritize" time="0.145" errors="0" timestamp="2025-07-26T10:03:19 IST" skipped="0">
  <testcase classname="july26_testng.Prioritize" name="e_method" time="0.122"/>
  <system-out/>
  <testcase classname="july26_testng.Prioritize" name="b_method" time="0.004"/>
  <system-out/>
  <testcase classname="july26_testng.Prioritize" name="d_method" time="0.005"/>
  <system-out/>
  <testcase classname="july26_testng.Prioritize" name="c_method" time="0.003"/>
  <system-out/>
  <testcase classname="july26_testng.Prioritize" name="a_method" time="0.011"/>
  <system-out/>
</testsuite> <!-- july26_testng.Prioritize -->
