<?xml version="1.0" encoding="UTF-8"?>
<!-- Generated by org.testng.reporters.JUnitReportReporter -->
<testsuite hostname="DESKTOP-84OCTSU" failures="0" tests="3" name="parallel_execution.TestClass3" time="6.565" errors="0" timestamp="2025-07-27T10:18:54 IST" skipped="0">
  <testcase classname="parallel_execution.TestClass3" name="testCase7" time="2.183"/>
  <system-out/>
  <testcase classname="parallel_execution.TestClass3" name="testCase8" time="2.184"/>
  <system-out/>
  <testcase classname="parallel_execution.TestClass3" name="testCase9" time="2.198"/>
  <system-out/>
</testsuite> <!-- parallel_execution.TestClass3 -->
