<?xml version="1.0" encoding="UTF-8"?>
<!-- Generated by org.testng.reporters.JUnitReportReporter -->
<testsuite hostname="DESKTOP-84OCTSU" failures="0" tests="6" name="july26_testng.Grouping" time="0.102" errors="0" timestamp="2025-07-27T14:11:35 IST" skipped="0">
  <testcase classname="july26_testng.Grouping" name="test8" time="0.005"/>
  <system-out/>
  <testcase classname="july26_testng.Grouping" name="test4" time="0.003"/>
  <system-out/>
  <testcase classname="july26_testng.Grouping" name="test10" time="0.082"/>
  <system-out/>
  <testcase classname="july26_testng.Grouping" name="test5" time="0.004"/>
  <system-out/>
  <testcase classname="july26_testng.Grouping" name="test7" time="0.005"/>
  <system-out/>
  <testcase classname="july26_testng.Grouping" name="test2" time="0.003"/>
  <system-out/>
</testsuite> <!-- july26_testng.Grouping -->
