<?xml version="1.0" encoding="UTF-8"?>
<!-- Generated by org.testng.reporters.JUnitReportReporter -->
<testsuite hostname="DESKTOP-84OCTSU" failures="0" tests="4" name="ttt.DataProviderEx" time="51.503" errors="0" timestamp="2025-07-27T09:22:03 IST" skipped="0">
  <testcase classname="ttt.DataProviderEx" name="dataDrivenTest" time="12.603"/>
  <system-out/>
  <testcase classname="ttt.DataProviderEx" name="dataDrivenTest" time="12.746"/>
  <system-out/>
  <testcase classname="ttt.DataProviderEx" name="dataDrivenTest" time="12.816"/>
  <system-out/>
  <testcase classname="ttt.DataProviderEx" name="dataDrivenTest" time="13.338"/>
  <system-out/>
</testsuite> <!-- ttt.DataProviderEx -->
