<?xml version="1.0" encoding="UTF-8"?>
<!-- Generated by org.testng.reporters.JUnitReportReporter -->
<testsuite hostname="DESKTOP-84OCTSU" failures="0" tests="3" name="july26_testng.SkipExecution" time="0.089" errors="0" timestamp="2025-07-27T10:53:18 IST" skipped="1">
  <testcase classname="july26_testng.SkipExecution" name="test3" time="0.004"/>
  <system-out/>
  <testcase classname="july26_testng.SkipExecution" name="test1" time="0.081"/>
  <system-out/>
  <testcase classname="july26_testng.SkipExecution" name="test2" time="0.004">
    <skipped/>
  </testcase> <!-- test2 -->
  <system-out/>
</testsuite> <!-- july26_testng.SkipExecution -->
