<?xml version="1.0" encoding="UTF-8"?>
<!-- Generated by org.testng.reporters.JUnitReportReporter -->
<testsuite hostname="DESKTOP-84OCTSU" failures="0" tests="3" name="parallel_execution.TestClass1" time="6.101" errors="0" timestamp="2025-08-22T14:22:22 IST" skipped="0">
  <testcase classname="parallel_execution.TestClass1" name="testCase1" time="2.082"/>
  <system-out/>
  <testcase classname="parallel_execution.TestClass1" name="testCase3" time="2.014"/>
  <system-out/>
  <testcase classname="parallel_execution.TestClass1" name="testCase2" time="2.005"/>
  <system-out/>
</testsuite> <!-- parallel_execution.TestClass1 -->
