<?xml version="1.0" encoding="UTF-8"?>
<!-- Generated by org.testng.reporters.JUnitReportReporter -->
<testsuite hostname="DESKTOP-84OCTSU" failures="0" tests="1" name="yrk.FileUpload" time="16.091" errors="0" timestamp="2025-08-06T01:08:21 IST" skipped="0">
  <testcase classname="yrk.FileUpload" name="TC_FileUpload" time="16.091"/>
  <system-out/>
</testsuite> <!-- yrk.FileUpload -->
