<?xml version="1.0" encoding="UTF-8"?>
<!-- Generated by org.testng.reporters.JUnitReportReporter -->
<testsuite hostname="DESKTOP-84OCTSU" failures="0" tests="3" name="parallel_execution.TestClass2" time="6.565" errors="0" timestamp="2025-07-27T10:18:54 IST" skipped="0">
  <testcase classname="parallel_execution.TestClass2" name="testCase5" time="2.184"/>
  <system-out/>
  <testcase classname="parallel_execution.TestClass2" name="testCase6" time="2.197"/>
  <system-out/>
  <testcase classname="parallel_execution.TestClass2" name="testCase4" time="2.184"/>
  <system-out/>
</testsuite> <!-- parallel_execution.TestClass2 -->
