<?xml version="1.0" encoding="UTF-8"?>
<!-- Generated by org.testng.reporters.JUnitReportReporter -->
<testsuite hostname="DESKTOP-84OCTSU" failures="0" tests="3" name="july26_testng.Annotations" time="0.163" errors="0" timestamp="2025-07-26T11:08:11 IST" skipped="0">
  <testcase classname="july26_testng.Annotations" name="test3" time="0.010"/>
  <system-out/>
  <testcase classname="july26_testng.Annotations" name="test2" time="0.010"/>
  <system-out/>
  <testcase classname="july26_testng.Annotations" name="test1" time="0.143"/>
  <system-out/>
</testsuite> <!-- july26_testng.Annotations -->
