<?xml version="1.0" encoding="UTF-8"?>
<!-- Generated by org.testng.reporters.JUnitReportReporter -->
<testsuite hostname="DESKTOP-84OCTSU" failures="0" tests="1" name="yyyy.RadioCheck" time="13.705" errors="0" timestamp="2025-07-20T14:13:27 IST" skipped="0">
  <testcase classname="yyyy.RadioCheck" name="TC_Radio3" time="13.705"/>
  <system-out/>
</testsuite> <!-- yyyy.RadioCheck -->
