<?xml version="1.0" encoding="UTF-8"?>
<!-- Generated by org.testng.reporters.JUnitReportReporter -->
<testsuite hostname="DESKTOP-84OCTSU" failures="0" tests="3" name="ttt.SkipEx" time="0.060" errors="0" timestamp="2025-07-27T09:22:29 IST" skipped="1">
  <testcase classname="ttt.SkipEx" name="test3" time="0.004"/>
  <system-out/>
  <testcase classname="ttt.SkipEx" name="test1" time="0.054"/>
  <system-out/>
  <testcase classname="ttt.SkipEx" name="test2" time="0.002">
    <skipped/>
  </testcase> <!-- test2 -->
  <system-out/>
</testsuite> <!-- ttt.SkipEx -->
