<?xml version="1.0" encoding="UTF-8"?>
<!-- Generated by org.testng.reporters.JUnitReportReporter -->
<testsuite hostname="DESKTOP-84OCTSU" failures="0" tests="2" name="july26_testng.DependsOnMethodsProgram" time="0.091" errors="0" timestamp="2025-07-27T11:03:11 IST" skipped="0">
  <testcase classname="july26_testng.DependsOnMethodsProgram" name="verifyPayment" time="0.004"/>
  <system-out/>
  <testcase classname="july26_testng.DependsOnMethodsProgram" name="verifyLogin" time="0.087"/>
  <system-out/>
</testsuite> <!-- july26_testng.DependsOnMethodsProgram -->
