<?xml version="1.0" encoding="UTF-8"?>
<!-- Generated by org.testng.reporters.JUnitReportReporter -->
<testsuite hostname="DESKTOP-84OCTSU" failures="0" tests="3" name="para.TestClass1" time="6.284" errors="0" timestamp="2025-07-27T07:21:04 IST" skipped="0">
  <testcase classname="para.TestClass1" name="testCase3" time="2.104"/>
  <system-out/>
  <testcase classname="para.TestClass1" name="testCase2" time="2.090"/>
  <system-out/>
  <testcase classname="para.TestClass1" name="testCase1" time="2.090"/>
  <system-out/>
</testsuite> <!-- para.TestClass1 -->
