<?xml version="1.0" encoding="UTF-8"?>
<!-- Generated by org.testng.reporters.JUnitReportReporter -->
<testsuite hostname="DESKTOP-84OCTSU" failures="0" tests="3" name="para.TestClass2" time="6.270" errors="0" timestamp="2025-07-27T07:21:04 IST" skipped="0">
  <testcase classname="para.TestClass2" name="testCase5" time="2.090"/>
  <system-out/>
  <testcase classname="para.TestClass2" name="testCase6" time="2.090"/>
  <system-out/>
  <testcase classname="para.TestClass2" name="testCase4" time="2.090"/>
  <system-out/>
</testsuite> <!-- para.TestClass2 -->
