<?xml version="1.0" encoding="UTF-8"?>
<!-- Generated by org.testng.reporters.JUnitReportReporter -->
<testsuite hostname="DESKTOP-84OCTSU" failures="0" tests="5" name="july26_testng.InvocationCount" time="0.110" errors="0" timestamp="2025-07-27T10:56:00 IST" skipped="0">
  <testcase classname="july26_testng.InvocationCount" name="testMethod" time="0.005"/>
  <system-out/>
  <testcase classname="july26_testng.InvocationCount" name="testMethod" time="0.006"/>
  <system-out/>
  <testcase classname="july26_testng.InvocationCount" name="testMethod" time="0.005"/>
  <system-out/>
  <testcase classname="july26_testng.InvocationCount" name="testMethod" time="0.004"/>
  <system-out/>
  <testcase classname="july26_testng.InvocationCount" name="testMethod" time="0.090"/>
  <system-out/>
</testsuite> <!-- july26_testng.InvocationCount -->
