<?xml version="1.0" encoding="UTF-8"?>
<!-- Generated by org.testng.reporters.JUnitReportReporter -->
<testsuite hostname="DESKTOP-84OCTSU" failures="0" tests="1" name="xxx.FBRadio" time="10.648" errors="0" timestamp="2025-08-10T10:34:18 IST" skipped="0">
  <testcase classname="xxx.FBRadio" name="TC_Radio1" time="10.648"/>
  <system-out/>
</testsuite> <!-- xxx.FBRadio -->
