<?xml version="1.0" encoding="UTF-8"?>
<!-- Generated by org.testng.reporters.JUnitReportReporter -->
<testsuite hostname="DESKTOP-84OCTSU" failures="0" tests="3" name="parallel_execution.TestClass2" time="6.627" errors="0" timestamp="22 Aug 2025 08:59:04 GMT" skipped="0">
  <testcase classname="parallel_execution.TestClass2" name="testCase4" time="2.209"/>
  <testcase classname="parallel_execution.TestClass2" name="testCase5" time="2.209"/>
  <testcase classname="parallel_execution.TestClass2" name="testCase6" time="2.209"/>
</testsuite> <!-- parallel_execution.TestClass2 -->
